2021-02-22	janakagithub	cpd18072	charge	3	0
2021-02-22	janakagithub	cpd18072	formula	FeR	C42H42FeN8O8R4S2
2021-02-22	janakagithub	cpd18074	charge	2	-2
2021-02-22	janakagithub	cpd18074	formula	FeR	C42H42FeN8O8R4S2
2021-02-22	janakagithub	cpd18075	name	cytochrome-bd-ox	Cytochrome-bd-ox
2021-02-22	janakagithub	cpd18075	charge	2	0
2021-02-22	janakagithub	cpd18075	formula	FeR	C42H42FeN8O8R4S2
2021-02-22	janakagithub	cpd18076	name	cytochrome-bd-red	Cytochrome-bd-red
2021-02-22	janakagithub	cpd18076	charge	2	-2
2021-02-22	janakagithub	cpd18076	formula	FeR	C42H42FeN8O8R4S2
2021-02-22	janakagithub	cpd18081	name	cytochrome-cbb-ox	Cytochrome-cbb-ox
2021-02-22	janakagithub	cpd18081	charge	2	0
2021-02-22	janakagithub	cpd18081	formula	CuR	C42H42FeN8O8R4S2
2021-02-22	janakagithub	cpd18082	name	cytochrome-cbb-red	Cytochrome-cbb-red
2021-02-22	janakagithub	cpd18082	charge	2	-2
2021-02-22	janakagithub	cpd18082	formula	CuR	C42H42FeN8O8R4S2
2021-02-22	janakagithub	cpd18077	name	cytochrome-bo-ox	Cytochrome-bo-ox
2021-02-22	janakagithub	cpd18077	charge	2	0
2021-02-22	janakagithub	cpd18077	formula	CuR	C42H42FeN8O8R4S2
2021-02-22	janakagithub	cpd18078	name	cytochrome-bo-red	Cytochrome-bo-red
2021-02-22	janakagithub	cpd18078	charge	2	-2
2021-02-22	janakagithub	cpd18078	formula	CuR	C42H42FeN8O8R4S2
2021-02-22	janakagithub	cpd18080	name	cytochrome-aa-red	Cytochrome-aa-red
2021-02-22	janakagithub	cpd18080	charge	2	-2
2021-02-22	janakagithub	cpd18080	formula	CuR	C42H42FeN8O8R4S2
2021-02-22	janakagithub	cpd18079	name	cytochrome-aa-ox	Cytochrome-aa-ox
2021-02-22	janakagithub	cpd18079	charge	2	0
2021-02-22	janakagithub	cpd18079	formula	CuR	C42H42FeN8O8R4S2
2021-03-09	janakagithub	rxn14412	cpd18072	coefficient	-2	-1
2021-03-09	janakagithub	rxn14412	cpd18072	compartment	1	0
2021-03-09	janakagithub	rxn14412	cpd18074	coefficient	2	1
2021-03-09	janakagithub	rxn14412	cpd18074	compartment	1	0
2021-03-09	janakagithub	rxn14412	cpd15560	compartment	1	0
2021-03-09	janakagithub	rxn14412	cpd15561	compartment	1	0
2021-03-09	janakagithub	rxn14412	cpd00067	compartment	0	1
2021-03-09	janakagithub	rxn14414	cpd18072	coefficient	-2	-1
2021-03-09	janakagithub	rxn14414	cpd18072	compartment	1	0
2021-03-09	janakagithub	rxn14414	cpd18074	coefficient	2	1
2021-03-09	janakagithub	rxn14414	cpd18074	compartment	1	0
2021-03-09	janakagithub	rxn14414	cpd15500	compartment	1	0
2021-03-09	janakagithub	rxn14414	cpd15499	compartment	1	0
2021-03-09	janakagithub	rxn14414	cpd00067	compartment	0	1
2021-03-09	janakagithub	rxn14415	cpd18074	coefficient	-2	-3
2021-03-09	janakagithub	rxn14415	cpd18072	coefficient	2	3
2021-03-11	janakagithub	rxn48586	cpd18072	coefficient	-14	-7
2021-03-11	janakagithub	rxn48586	cpd18074	coefficient	14	7
2021-03-11	janakagithub	rxn48585	cpd18072	coefficient	-2	-1
2021-03-11	janakagithub	rxn48585	cpd18074	coefficient	2	1
2021-03-11	janakagithub	rxn48584	cpd18072	coefficient	8	4
2021-03-11	janakagithub	rxn48584	cpd18074	coefficient	-8	-4
2021-03-11	janakagithub	rxn48583	cpd18072	coefficient	-8	-4
2021-03-11	janakagithub	rxn48583	cpd18074	coefficient	8	4
2021-03-11	janakagithub	rxn48579	cpd18074	coefficient	-6	-3
2021-03-11	janakagithub	rxn48579	cpd18072	coefficient	6	3
2021-03-11	janakagithub	rxn48578	cpd18074	coefficient	-2	-1
2021-03-11	janakagithub	rxn48578	cpd18072	coefficient	2	1
2021-03-11	janakagithub	rxn48577	cpd18072	coefficient	-8	-4
2021-03-11	janakagithub	rxn48577	cpd18074	coefficient	8	4
2022-09-14	samseaver	rxn01633	cpd00520	cpd22923
2022-09-14	samseaver	rxn01307	cpd00520	cpd22923
2023-07-20	samseaver	cpd30796	Alias	sscpd30796	samseaver
2023-07-21	samseaver	rxn39244	Alias	PS_Trn_0	samseaver
2023-07-21	samseaver	rxn39249	Alias	PS_Trn_1	samseaver
2023-07-21	samseaver	rxn39253	Alias	PS_Trn_2	samseaver
2023-07-21	samseaver	rxn39254	Alias	PS_Trn_3	samseaver
2023-07-21	samseaver	rxn39255	Alias	PS_Trn_4	samseaver
2023-07-21	samseaver	rxn39105	Alias	MOF_0	samseaver
2023-07-21	samseaver	rxn39106	Alias	MOF_1	samseaver
2023-07-21	samseaver	rxn39107	Alias	MOF_2	samseaver
2023-07-21	samseaver	rxn39108	Alias	MOF_3	samseaver
2023-07-21	samseaver	rxn39109	Alias	MOF_4	samseaver
2023-07-21	samseaver	rxn39110	Alias	MOF_5	samseaver
2023-07-21	samseaver	rxn39111	Alias	MOF_6	samseaver
2023-07-21	samseaver	rxn39112	Alias	MOF_7	samseaver
2023-07-21	samseaver	rxn39113	Alias	MOF_8	samseaver
2023-07-21	samseaver	rxn39114	Alias	MOF_9	samseaver
2023-07-21	samseaver	rxn39115	Alias	MOF_10	samseaver
2023-07-21	samseaver	rxn39116	Alias	MOF_11	samseaver
2023-07-21	samseaver	rxn39117	Alias	MOF_12	samseaver
2023-07-21	samseaver	rxn39118	Alias	MOF_13	samseaver
2023-07-21	samseaver	rxn39119	Alias	MOF_14	samseaver
2023-07-21	samseaver	rxn39120	Alias	MOF_15	samseaver
2023-07-21	samseaver	rxn39121	Alias	MOF_16	samseaver
2023-07-21	samseaver	rxn39122	Alias	MOF_17	samseaver
2023-07-21	samseaver	rxn39123	Alias	MOF_18	samseaver
2023-07-21	samseaver	rxn39124	Alias	MOF_19	samseaver
2023-07-21	samseaver	rxn39125	Alias	MOF_20	samseaver
2023-07-21	samseaver	rxn39126	Alias	MOF_21	samseaver
2023-07-21	samseaver	rxn39127	Alias	MOF_22	samseaver
2023-07-21	samseaver	rxn39128	Alias	MOF_23	samseaver
2023-07-21	samseaver	rxn39129	Alias	MOF_24	samseaver
2023-07-21	samseaver	rxn39130	Alias	MOF_25	samseaver
2023-07-21	samseaver	rxn39131	Alias	MOF_26	samseaver
2023-07-21	samseaver	rxn39132	Alias	MOF_27	samseaver
2023-07-21	samseaver	rxn39134	Alias	MOF_28	samseaver
2023-07-21	samseaver	rxn39135	Alias	MOF_29	samseaver
2023-07-21	samseaver	rxn39136	Alias	MOF_30	samseaver
2023-07-21	samseaver	rxn39137	Alias	MOF_31	samseaver
2023-07-21	samseaver	rxn39138	Alias	MOF_32	samseaver
2023-07-21	samseaver	rxn39139	Alias	MOF_33	samseaver
2023-07-21	samseaver	rxn39140	Alias	MOF_34	samseaver
2023-07-21	samseaver	rxn39141	Alias	MOF_35	samseaver
2023-07-21	samseaver	rxn39142	Alias	MOF_36	samseaver
2023-07-21	samseaver	rxn39143	Alias	MOF_37	samseaver
2023-07-21	samseaver	rxn39144	Alias	MOF_38	samseaver
2023-07-21	samseaver	rxn39145	Alias	MOF_39	samseaver
2023-07-21	samseaver	rxn39146	Alias	MOF_40	samseaver
2023-07-21	samseaver	rxn39147	Alias	MOF_41	samseaver
2023-07-21	samseaver	rxn39148	Alias	MOF_42	samseaver
2023-07-21	samseaver	rxn39149	Alias	MOF_43	samseaver
2023-07-21	samseaver	rxn39150	Alias	MOF_44	samseaver
2023-07-21	samseaver	rxn39151	Alias	MOF_45	samseaver
2023-07-21	samseaver	rxn39152	Alias	MOF_46	samseaver
2023-07-21	samseaver	rxn39153	Alias	MOF_47	samseaver
2023-07-21	samseaver	rxn39154	Alias	MOF_48	samseaver
2023-07-21	samseaver	rxn39155	Alias	MOF_49	samseaver
2023-07-21	samseaver	rxn39156	Alias	MOF_50	samseaver
2023-07-21	samseaver	rxn39157	Alias	MOF_51	samseaver
2023-07-21	samseaver	rxn39158	Alias	MOF_52	samseaver
2023-07-21	samseaver	rxn39159	Alias	MOF_53	samseaver
2023-07-21	samseaver	rxn39160	Alias	MOF_54	samseaver
2023-07-21	samseaver	rxn39161	Alias	MOF_55	samseaver
2023-07-21	samseaver	rxn39162	Alias	MOF_56	samseaver
2023-07-21	samseaver	rxn39163	Alias	MOF_57	samseaver
2023-07-21	samseaver	rxn39164	Alias	MOF_58	samseaver
2023-07-21	samseaver	rxn39165	Alias	MOF_59	samseaver
2023-07-21	samseaver	rxn39166	Alias	MOF_60	samseaver
2023-07-21	samseaver	rxn39167	Alias	MOF_61	samseaver
2023-07-21	samseaver	rxn39168	Alias	MOF_62	samseaver
2023-07-21	samseaver	rxn39169	Alias	MOF_63	samseaver
2023-07-21	samseaver	rxn39170	Alias	MOF_64	samseaver
2023-07-21	samseaver	rxn39171	Alias	MOF_65	samseaver
2023-07-21	samseaver	rxn39172	Alias	MOF_66	samseaver
2023-07-21	samseaver	rxn39173	Alias	MOF_67	samseaver
2023-07-21	samseaver	rxn39174	Alias	MOF_68	samseaver
2023-07-21	samseaver	rxn39175	Alias	MOF_69	samseaver
2023-07-21	samseaver	rxn39176	Alias	MOF_70	samseaver
2023-07-21	samseaver	rxn39177	Alias	MOF_71	samseaver
2023-07-21	samseaver	rxn39178	Alias	MOF_72	samseaver
2023-07-21	samseaver	rxn39179	Alias	MOF_73	samseaver
2023-07-21	samseaver	rxn39180	Alias	MOF_74	samseaver
2023-07-21	samseaver	rxn39181	Alias	MOF_75	samseaver
2023-07-21	samseaver	rxn39183	Alias	MOF_76	samseaver
2023-07-21	samseaver	rxn39184	Alias	MOF_77	samseaver
2023-07-21	samseaver	rxn39185	Alias	MOF_78	samseaver
2023-07-21	samseaver	rxn39186	Alias	MOF_79	samseaver
2023-07-21	samseaver	rxn39187	Alias	MOF_80	samseaver
2023-07-21	samseaver	rxn39188	Alias	MOF_81	samseaver
2023-07-21	samseaver	rxn39189	Alias	MOF_82	samseaver
2023-07-21	samseaver	rxn39190	Alias	MOF_83	samseaver
2023-07-21	samseaver	rxn39191	Alias	MOF_84	samseaver
2023-07-21	samseaver	rxn39192	Alias	MOF_85	samseaver
2023-07-21	samseaver	rxn39193	Alias	MOF_86	samseaver
2023-07-21	samseaver	rxn39194	Alias	MOF_87	samseaver
2023-07-21	samseaver	rxn39195	Alias	MOF_88	samseaver
2023-07-21	samseaver	rxn39196	Alias	MOF_89	samseaver
2023-07-21	samseaver	rxn39197	Alias	MOF_90	samseaver
2023-07-21	samseaver	rxn39198	Alias	MOF_91	samseaver
2023-07-21	samseaver	rxn39199	Alias	MOF_92	samseaver
2023-07-21	samseaver	rxn39200	Alias	MOF_93	samseaver
2023-07-21	samseaver	rxn39201	Alias	MOF_94	samseaver
2023-07-21	samseaver	rxn39203	Alias	MOF_95	samseaver
2023-07-21	samseaver	rxn39204	Alias	MOF_96	samseaver
2023-07-21	samseaver	rxn39205	Alias	MOF_97	samseaver
2023-07-21	samseaver	rxn39206	Alias	MOF_98	samseaver
2023-07-21	samseaver	rxn39207	Alias	MOF_99	samseaver
2023-07-21	samseaver	rxn39208	Alias	MOF_100	samseaver
2023-07-21	samseaver	rxn39209	Alias	MOF_101	samseaver
2023-07-21	samseaver	rxn39210	Alias	MOF_102	samseaver
2023-07-21	samseaver	rxn39211	Alias	MOF_103	samseaver
2023-07-21	samseaver	rxn39212	Alias	MOF_104	samseaver
2023-07-21	samseaver	rxn39213	Alias	MOF_105	samseaver
2023-07-21	samseaver	rxn39214	Alias	MOF_106	samseaver
2023-07-21	samseaver	rxn39215	Alias	MOF_107	samseaver
2023-07-21	samseaver	rxn39216	Alias	MOF_108	samseaver
2023-07-21	samseaver	rxn39217	Alias	MOF_109	samseaver
2023-07-21	samseaver	rxn39218	Alias	MOF_110	samseaver
2023-07-21	samseaver	rxn39219	Alias	MOF_111	samseaver
2023-07-21	samseaver	rxn39220	Alias	MOF_112	samseaver
2023-07-21	samseaver	rxn39221	Alias	MOF_113	samseaver
2023-07-21	samseaver	rxn39222	Alias	MOF_114	samseaver
2023-07-21	samseaver	rxn39223	Alias	MOF_115	samseaver
2023-07-21	samseaver	rxn39224	Alias	MOF_116	samseaver
2023-07-21	samseaver	rxn39225	Alias	MOF_117	samseaver
2023-07-21	samseaver	rxn39226	Alias	MOF_118	samseaver
2023-07-21	samseaver	rxn39227	Alias	MOF_119	samseaver
2023-07-21	samseaver	rxn39228	Alias	MOF_120	samseaver
2023-07-21	samseaver	rxn39229	Alias	MOF_121	samseaver
2023-07-21	samseaver	rxn39230	Alias	MOF_122	samseaver
2023-07-21	samseaver	rxn39231	Alias	MOF_123	samseaver
2023-07-21	samseaver	rxn39232	Alias	MOF_124	samseaver
2023-07-21	samseaver	rxn39233	Alias	MOF_125	samseaver
2023-07-21	samseaver	rxn39234	Alias	MOF_126	samseaver
2023-07-21	samseaver	rxn39235	Alias	MOF_127	samseaver
2023-07-21	samseaver	rxn39236	Alias	MOF_128	samseaver
2023-07-21	samseaver	rxn39237	Alias	MOF_129	samseaver
2023-07-21	samseaver	rxn39238	Alias	MOF_130	samseaver
2023-07-21	samseaver	rxn39239	Alias	MOF_131	samseaver
2023-07-21	samseaver	rxn39240	Alias	MOF_132	samseaver
